<?xml version="1.0" encoding="UTF-8"?>
<!-- Generated by org.testng.reporters.JUnitReportReporter -->
<testsuite hostname="hamza" failures="0" tests="1" name="MyTestCasses.SignUp" time="49.319" errors="0" timestamp="2024-01-30T08:29:34 EET" skipped="0">
  <testcase classname="MyTestCasses.SignUp" name="MyFirstTest" time="49.319"/>
  <system-out/>
</testsuite> <!-- MyTestCasses.SignUp -->
