<?xml version="1.0" encoding="UTF-8"?>
<!-- Generated by org.testng.reporters.JUnitReportReporter -->
<testsuite hostname="hamza" failures="0" tests="4" name="MyTestCasses.SignUp" time="75.083" errors="0" timestamp="2024-01-31T11:56:00 EET" skipped="0">
  <testcase classname="MyTestCasses.SignUp" name="MyFirstTest" time="44.780"/>
  <system-out/>
  <testcase classname="MyTestCasses.SignUp" name="logoutprocessTest" time="7.004"/>
  <system-out/>
  <testcase classname="MyTestCasses.SignUp" name="loginprocessTest" time="11.591"/>
  <system-out/>
  <testcase classname="MyTestCasses.SignUp" name="addItemRandomly" time="11.708"/>
  <system-out/>
</testsuite> <!-- MyTestCasses.SignUp -->
